Build started 05.11.2015 9:36:09.
     1>Project "c:\Users\admin\documents\visual studio 2010\Projects\code_crypt\code_crypt\code_crypt.vcxproj" on node 2 (build target(s)).
     1>PrepareForBuild:
         Creating directory "c:\users\admin\documents\visual studio 2010\Projects\code_crypt\Debug\".
       InitializeBuildStatus:
         Creating "Debug\code_crypt.unsuccessfulbuild" because "AlwaysCreate" was specified.
       ClCompile:
         c:\Program Files (x86)\Microsoft Visual Studio 10.0\VC\bin\CL.exe /c /ZI /nologo /W3 /WX- /Od /Oy- /D _MBCS /Gm /EHsc /RTC1 /MDd /GS /fp:precise /Zc:wchar_t /Zc:forScope /Fo"Debug\\" /Fd"Debug\vc100.pdb" /Gd /TP /analyze- /errorReport:prompt Main.cpp
         Main.cpp
       Link:
         c:\Program Files (x86)\Microsoft Visual Studio 10.0\VC\bin\link.exe /ERRORREPORT:PROMPT /OUT:"c:\users\admin\documents\visual studio 2010\Projects\code_crypt\Debug\code_crypt.exe" /NOLOGO kernel32.lib user32.lib gdi32.lib winspool.lib comdlg32.lib advapi32.lib shell32.lib ole32.lib oleaut32.lib uuid.lib odbc32.lib odbccp32.lib /MANIFEST /ManifestFile:"Debug\code_crypt.exe.intermediate.manifest" /MANIFESTUAC:"level='asInvoker' uiAccess='false'" /DEBUG /PDB:"c:\users\admin\documents\visual studio 2010\Projects\code_crypt\Debug\code_crypt.pdb" /TLBID:1 /DYNAMICBASE /NXCOMPAT /IMPLIB:"c:\users\admin\documents\visual studio 2010\Projects\code_crypt\Debug\code_crypt.lib" /MACHINE:X86 Debug\Main.obj
         code_crypt.vcxproj -> c:\users\admin\documents\visual studio 2010\Projects\code_crypt\Debug\code_crypt.exe
       Manifest:
         C:\Program Files (x86)\Microsoft SDKs\Windows\v7.0A\bin\mt.exe /nologo /verbose /outputresource:"c:\users\admin\documents\visual studio 2010\Projects\code_crypt\Debug\code_crypt.exe;#1" /manifest Debug\code_crypt.exe.intermediate.manifest
       FinalizeBuildStatus:
         Deleting file "Debug\code_crypt.unsuccessfulbuild".
         Touching "Debug\code_crypt.lastbuildstate".
     1>Done Building Project "c:\Users\admin\documents\visual studio 2010\Projects\code_crypt\code_crypt\code_crypt.vcxproj" (build target(s)).

Build succeeded.

Time Elapsed 00:00:02.10
